<?xml version="1.0" encoding="UTF-8"?>
<!-- Generated by org.testng.reporters.JUnitReportReporter -->
<testsuite skipped="0" hostname="DESKTOP-K9EHMR9" name="TestCases.SC_08_VehicleComplaintLoggedIn" tests="3" failures="0" timestamp="2021-01-22T16:28:57 IST" time="559.345" errors="0">
  <testcase name="TC_VehivleComplaintNotResolved" time="122.951" classname="TestCases.SC_08_VehicleComplaintLoggedIn"/>
  <system-out/>
  <testcase name="getEmail" time="382.696" classname="TestCases.SC_08_VehicleComplaintLoggedIn"/>
  <system-out/>
  <testcase name="TC_02_VehicleComplaint" time="53.698" classname="TestCases.SC_08_VehicleComplaintLoggedIn"/>
  <system-out/>
</testsuite> <!-- TestCases.SC_08_VehicleComplaintLoggedIn -->
